alsemenov 422 {'errors': [{'resource': 'TeamMember', 'code': 'unaffiliated', 'field': 'user'}], 'documentation_url': 'https://developer.github.com/v3/teams/members/#add-team-member', 'message': "User isn't a member of this organization. Please invite them first."}
andrenatal added to the reviewers team
andrey-logvinov added to the reviewers team
aogilvie 422 {'errors': [{'resource': 'TeamMember', 'code': 'unaffiliated', 'field': 'user'}], 'documentation_url': 'https://developer.github.com/v3/teams/members/#add-team-member', 'message': "User isn't a member of this organization. Please invite them first."}
asutherland added to the reviewers team
atanassov 422 {'errors': [{'resource': 'TeamMember', 'code': 'unaffiliated', 'field': 'user'}], 'documentation_url': 'https://developer.github.com/v3/teams/members/#add-team-member', 'message': "User isn't a member of this organization. Please invite them first."}
atotic added to the reviewers team
ayg 422 {'errors': [{'resource': 'TeamMember', 'code': 'unaffiliated', 'field': 'user'}], 'documentation_url': 'https://developer.github.com/v3/teams/members/#add-team-member', 'message': "User isn't a member of this organization. Please invite them first."}
beaufortfrancois added to the reviewers team
beidson 422 {'errors': [{'resource': 'TeamMember', 'code': 'unaffiliated', 'field': 'user'}], 'documentation_url': 'https://developer.github.com/v3/teams/members/#add-team-member', 'message': "User isn't a member of this organization. Please invite them first."}
bemjb added to the reviewers team
BenjaminSchaaf 422 {'errors': [{'resource': 'TeamMember', 'code': 'unaffiliated', 'field': 'user'}], 'documentation_url': 'https://developer.github.com/v3/teams/members/#add-team-member', 'message': "User isn't a member of this organization. Please invite them first."}
bethge 422 {'errors': [{'resource': 'TeamMember', 'code': 'unaffiliated', 'field': 'user'}], 'documentation_url': 'https://developer.github.com/v3/teams/members/#add-team-member', 'message': "User isn't a member of this organization. Please invite them first."}
bfgeek added to the reviewers team
bigbluehat added to the reviewers team
bokand added to the reviewers team
BorisChiou added to the reviewers team
bradkemper 422 {'errors': [{'resource': 'TeamMember', 'code': 'unaffiliated', 'field': 'user'}], 'documentation_url': 'https://developer.github.com/v3/teams/members/#add-team-member', 'message': "User isn't a member of this organization. Please invite them first."}
bsittler 422 {'errors': [{'resource': 'TeamMember', 'code': 'unaffiliated', 'field': 'user'}], 'documentation_url': 'https://developer.github.com/v3/teams/members/#add-team-member', 'message': "User isn't a member of this organization. Please invite them first."}
cabanier 422 {'errors': [{'resource': 'TeamMember', 'code': 'unaffiliated', 'field': 'user'}], 'documentation_url': 'https://developer.github.com/v3/teams/members/#add-team-member', 'message': "User isn't a member of this organization. Please invite them first."}
caitp added to the reviewers team
calvaris added to the reviewers team
cdumez 422 {'errors': [{'resource': 'TeamMember', 'code': 'unaffiliated', 'field': 'user'}], 'documentation_url': 'https://developer.github.com/v3/teams/members/#add-team-member', 'message': "User isn't a member of this organization. Please invite them first."}
chaals 422 {'errors': [{'resource': 'TeamMember', 'code': 'unaffiliated', 'field': 'user'}], 'documentation_url': 'https://developer.github.com/v3/teams/members/#add-team-member', 'message': "User isn't a member of this organization. Please invite them first."}
chenxix 422 {'errors': [{'resource': 'TeamMember', 'code': 'unaffiliated', 'field': 'user'}], 'documentation_url': 'https://developer.github.com/v3/teams/members/#add-team-member', 'message': "User isn't a member of this organization. Please invite them first."}
chrishtr 422 {'errors': [{'resource': 'TeamMember', 'code': 'unaffiliated', 'field': 'user'}], 'documentation_url': 'https://developer.github.com/v3/teams/members/#add-team-member', 'message': "User isn't a member of this organization. Please invite them first."}
chrislo added to the reviewers team
ChrisParis added to the reviewers team
chunywang 422 {'errors': [{'resource': 'TeamMember', 'code': 'unaffiliated', 'field': 'user'}], 'documentation_url': 'https://developer.github.com/v3/teams/members/#add-team-member', 'message': "User isn't a member of this organization. Please invite them first."}
clelland added to the reviewers team
cptvitamin 422 {'errors': [{'resource': 'TeamMember', 'code': 'unaffiliated', 'field': 'user'}], 'documentation_url': 'https://developer.github.com/v3/teams/members/#add-team-member', 'message': "User isn't a member of this organization. Please invite them first."}
danielweck 422 {'errors': [{'resource': 'TeamMember', 'code': 'unaffiliated', 'field': 'user'}], 'documentation_url': 'https://developer.github.com/v3/teams/members/#add-team-member', 'message': "User isn't a member of this organization. Please invite them first."}
darrnshn added to the reviewers team
dauwhe added to the reviewers team
deepak-sa 422 {'errors': [{'resource': 'TeamMember', 'code': 'unaffiliated', 'field': 'user'}], 'documentation_url': 'https://developer.github.com/v3/teams/members/#add-team-member', 'message': "User isn't a member of this organization. Please invite them first."}
dirkschulze added to the reviewers team
dominiccooney 422 {'errors': [{'resource': 'TeamMember', 'code': 'unaffiliated', 'field': 'user'}], 'documentation_url': 'https://developer.github.com/v3/teams/members/#add-team-member', 'message': "User isn't a member of this organization. Please invite them first."}
dumbmatter 422 {'errors': [{'resource': 'TeamMember', 'code': 'unaffiliated', 'field': 'user'}], 'documentation_url': 'https://developer.github.com/v3/teams/members/#add-team-member', 'message': "User isn't a member of this organization. Please invite them first."}
edenchuang 422 {'errors': [{'resource': 'TeamMember', 'code': 'unaffiliated', 'field': 'user'}], 'documentation_url': 'https://developer.github.com/v3/teams/members/#add-team-member', 'message': "User isn't a member of this organization. Please invite them first."}
engelke 422 {'errors': [{'resource': 'TeamMember', 'code': 'unaffiliated', 'field': 'user'}], 'documentation_url': 'https://developer.github.com/v3/teams/members/#add-team-member', 'message': "User isn't a member of this organization. Please invite them first."}
eric-carlson 422 {'errors': [{'resource': 'TeamMember', 'code': 'unaffiliated', 'field': 'user'}], 'documentation_url': 'https://developer.github.com/v3/teams/members/#add-team-member', 'message': "User isn't a member of this organization. Please invite them first."}
estark37 added to the reviewers team
EvgenyAgafonchikov 422 {'errors': [{'resource': 'TeamMember', 'code': 'unaffiliated', 'field': 'user'}], 'documentation_url': 'https://developer.github.com/v3/teams/members/#add-team-member', 'message': "User isn't a member of this organization. Please invite them first."}
fleizach 422 {'errors': [{'resource': 'TeamMember', 'code': 'unaffiliated', 'field': 'user'}], 'documentation_url': 'https://developer.github.com/v3/teams/members/#add-team-member', 'message': "User isn't a member of this organization. Please invite them first."}
fmarier added to the reviewers team
fserb 422 {'errors': [{'resource': 'TeamMember', 'code': 'unaffiliated', 'field': 'user'}], 'documentation_url': 'https://developer.github.com/v3/teams/members/#add-team-member', 'message': "User isn't a member of this organization. Please invite them first."}
garykac added to the reviewers team
gkellogg added to the reviewers team
g-ortuno 422 {'errors': [{'resource': 'TeamMember', 'code': 'unaffiliated', 'field': 'user'}], 'documentation_url': 'https://developer.github.com/v3/teams/members/#add-team-member', 'message': "User isn't a member of this organization. Please invite them first."}
GPHemsley added to the reviewers team
grorg added to the reviewers team
gshires 422 {'errors': [{'resource': 'TeamMember', 'code': 'unaffiliated', 'field': 'user'}], 'documentation_url': 'https://developer.github.com/v3/teams/members/#add-team-member', 'message': "User isn't a member of this organization. Please invite them first."}
hakatashi 422 {'errors': [{'resource': 'TeamMember', 'code': 'unaffiliated', 'field': 'user'}], 'documentation_url': 'https://developer.github.com/v3/teams/members/#add-team-member', 'message': "User isn't a member of this organization. Please invite them first."}
halindrome 422 {'errors': [{'resource': 'TeamMember', 'code': 'unaffiliated', 'field': 'user'}], 'documentation_url': 'https://developer.github.com/v3/teams/members/#add-team-member', 'message': "User isn't a member of this organization. Please invite them first."}
hallvors 422 {'errors': [{'resource': 'TeamMember', 'code': 'unaffiliated', 'field': 'user'}], 'documentation_url': 'https://developer.github.com/v3/teams/members/#add-team-member', 'message': "User isn't a member of this organization. Please invite them first."}
haoxli 422 {'errors': [{'resource': 'TeamMember', 'code': 'unaffiliated', 'field': 'user'}], 'documentation_url': 'https://developer.github.com/v3/teams/members/#add-team-member', 'message': "User isn't a member of this organization. Please invite them first."}
hillbrad 422 {'errors': [{'resource': 'TeamMember', 'code': 'unaffiliated', 'field': 'user'}], 'documentation_url': 'https://developer.github.com/v3/teams/members/#add-team-member', 'message': "User isn't a member of this organization. Please invite them first."}
hober added to the reviewers team
hshiozawa 422 {'errors': [{'resource': 'TeamMember', 'code': 'unaffiliated', 'field': 'user'}], 'documentation_url': 'https://developer.github.com/v3/teams/members/#add-team-member', 'message': "User isn't a member of this organization. Please invite them first."}
ibelem added to the reviewers team
inikulin added to the reviewers team
jacobrossi added to the reviewers team
jdashg 422 {'errors': [{'resource': 'TeamMember', 'code': 'unaffiliated', 'field': 'user'}], 'documentation_url': 'https://developer.github.com/v3/teams/members/#add-team-member', 'message': "User isn't a member of this organization. Please invite them first."}
jdsmith3000 422 {'errors': [{'resource': 'TeamMember', 'code': 'unaffiliated', 'field': 'user'}], 'documentation_url': 'https://developer.github.com/v3/teams/members/#add-team-member', 'message': "User isn't a member of this organization. Please invite them first."}
jeisinger added to the reviewers team
jernoble 422 {'errors': [{'resource': 'TeamMember', 'code': 'unaffiliated', 'field': 'user'}], 'documentation_url': 'https://developer.github.com/v3/teams/members/#add-team-member', 'message': "User isn't a member of this organization. Please invite them first."}
JianfengXu 422 {'errors': [{'resource': 'TeamMember', 'code': 'unaffiliated', 'field': 'user'}], 'documentation_url': 'https://developer.github.com/v3/teams/members/#add-team-member', 'message': "User isn't a member of this organization. Please invite them first."}
jihyerish added to the reviewers team
jkarlin 422 {'errors': [{'resource': 'TeamMember', 'code': 'unaffiliated', 'field': 'user'}], 'documentation_url': 'https://developer.github.com/v3/teams/members/#add-team-member', 'message': "User isn't a member of this organization. Please invite them first."}
joedow-42 422 {'errors': [{'resource': 'TeamMember', 'code': 'unaffiliated', 'field': 'user'}], 'documentation_url': 'https://developer.github.com/v3/teams/members/#add-team-member', 'message': "User isn't a member of this organization. Please invite them first."}
johanneswilm added to the reviewers team
jonathanKingston 422 {'errors': [{'resource': 'TeamMember', 'code': 'unaffiliated', 'field': 'user'}], 'documentation_url': 'https://developer.github.com/v3/teams/members/#add-team-member', 'message': "User isn't a member of this organization. Please invite them first."}
jtangelder added to the reviewers team
jungkees added to the reviewers team
Jxck 422 {'errors': [{'resource': 'TeamMember', 'code': 'unaffiliated', 'field': 'user'}], 'documentation_url': 'https://developer.github.com/v3/teams/members/#add-team-member', 'message': "User isn't a member of this organization. Please invite them first."}
jxs added to the reviewers team
jyasskin added to the reviewers team
kangxu 422 {'errors': [{'resource': 'TeamMember', 'code': 'unaffiliated', 'field': 'user'}], 'documentation_url': 'https://developer.github.com/v3/teams/members/#add-team-member', 'message': "User isn't a member of this organization. Please invite them first."}
kenchris added to the reviewers team
kenrussell 422 {'errors': [{'resource': 'TeamMember', 'code': 'unaffiliated', 'field': 'user'}], 'documentation_url': 'https://developer.github.com/v3/teams/members/#add-team-member', 'message': "User isn't a member of this organization. Please invite them first."}
khaledhosny 422 {'errors': [{'resource': 'TeamMember', 'code': 'unaffiliated', 'field': 'user'}], 'documentation_url': 'https://developer.github.com/v3/teams/members/#add-team-member', 'message': "User isn't a member of this organization. Please invite them first."}
klausw 422 {'errors': [{'resource': 'TeamMember', 'code': 'unaffiliated', 'field': 'user'}], 'documentation_url': 'https://developer.github.com/v3/teams/members/#add-team-member', 'message': "User isn't a member of this organization. Please invite them first."}
kristijanburnik 422 {'errors': [{'resource': 'TeamMember', 'code': 'unaffiliated', 'field': 'user'}], 'documentation_url': 'https://developer.github.com/v3/teams/members/#add-team-member', 'message': "User isn't a member of this organization. Please invite them first."}
kwkbtr 422 {'errors': [{'resource': 'TeamMember', 'code': 'unaffiliated', 'field': 'user'}], 'documentation_url': 'https://developer.github.com/v3/teams/members/#add-team-member', 'message': "User isn't a member of this organization. Please invite them first."}
leonscroggins 422 {'errors': [{'resource': 'TeamMember', 'code': 'unaffiliated', 'field': 'user'}], 'documentation_url': 'https://developer.github.com/v3/teams/members/#add-team-member', 'message': "User isn't a member of this organization. Please invite them first."}
litherum 422 {'errors': [{'resource': 'TeamMember', 'code': 'unaffiliated', 'field': 'user'}], 'documentation_url': 'https://developer.github.com/v3/teams/members/#add-team-member', 'message': "User isn't a member of this organization. Please invite them first."}
louaybassbouss 422 {'errors': [{'resource': 'TeamMember', 'code': 'unaffiliated', 'field': 'user'}], 'documentation_url': 'https://developer.github.com/v3/teams/members/#add-team-member', 'message': "User isn't a member of this organization. Please invite them first."}
luser 422 {'errors': [{'resource': 'TeamMember', 'code': 'unaffiliated', 'field': 'user'}], 'documentation_url': 'https://developer.github.com/v3/teams/members/#add-team-member', 'message': "User isn't a member of this organization. Please invite them first."}
martinthomson 422 {'errors': [{'resource': 'TeamMember', 'code': 'unaffiliated', 'field': 'user'}], 'documentation_url': 'https://developer.github.com/v3/teams/members/#add-team-member', 'message': "User isn't a member of this organization. Please invite them first."}
mastahyeti added to the reviewers team
mcasas 422 {'errors': [{'resource': 'TeamMember', 'code': 'unaffiliated', 'field': 'user'}], 'documentation_url': 'https://developer.github.com/v3/teams/members/#add-team-member', 'message': "User isn't a member of this organization. Please invite them first."}
metromoxie added to the reviewers team
mgiuca added to the reviewers team
miguelao 404 {'documentation_url': 'https://developer.github.com/v3/users/#get-a-single-user', 'message': 'Not Found'}
minxhuang 422 {'errors': [{'resource': 'TeamMember', 'code': 'unaffiliated', 'field': 'user'}], 'documentation_url': 'https://developer.github.com/v3/teams/members/#add-team-member', 'message': "User isn't a member of this organization. Please invite them first."}
mnot added to the reviewers team
msramek added to the reviewers team
myakura added to the reviewers team
nattokirai 422 {'errors': [{'resource': 'TeamMember', 'code': 'unaffiliated', 'field': 'user'}], 'documentation_url': 'https://developer.github.com/v3/teams/members/#add-team-member', 'message': "User isn't a member of this organization. Please invite them first."}
NavidZ added to the reviewers team
nikosandronikos 422 {'errors': [{'resource': 'TeamMember', 'code': 'unaffiliated', 'field': 'user'}], 'documentation_url': 'https://developer.github.com/v3/teams/members/#add-team-member', 'message': "User isn't a member of this organization. Please invite them first."}
nils-ohlmeier added to the reviewers team
npm1 added to the reviewers team
odinho 422 {'errors': [{'resource': 'TeamMember', 'code': 'unaffiliated', 'field': 'user'}], 'documentation_url': 'https://developer.github.com/v3/teams/members/#add-team-member', 'message': "User isn't a member of this organization. Please invite them first."}
omo 422 {'errors': [{'resource': 'TeamMember', 'code': 'unaffiliated', 'field': 'user'}], 'documentation_url': 'https://developer.github.com/v3/teams/members/#add-team-member', 'message': "User isn't a member of this organization. Please invite them first."}
peterjoel 422 {'errors': [{'resource': 'TeamMember', 'code': 'unaffiliated', 'field': 'user'}], 'documentation_url': 'https://developer.github.com/v3/teams/members/#add-team-member', 'message': "User isn't a member of this organization. Please invite them first."}
phoglund added to the reviewers team
pozdnyakov 422 {'errors': [{'resource': 'TeamMember', 'code': 'unaffiliated', 'field': 'user'}], 'documentation_url': 'https://developer.github.com/v3/teams/members/#add-team-member', 'message': "User isn't a member of this organization. Please invite them first."}
riju added to the reviewers team
rmcilroy 422 {'errors': [{'resource': 'TeamMember', 'code': 'unaffiliated', 'field': 'user'}], 'documentation_url': 'https://developer.github.com/v3/teams/members/#add-team-member', 'message': "User isn't a member of this organization. Please invite them first."}
ronkorving 422 {'errors': [{'resource': 'TeamMember', 'code': 'unaffiliated', 'field': 'user'}], 'documentation_url': 'https://developer.github.com/v3/teams/members/#add-team-member', 'message': "User isn't a member of this organization. Please invite them first."}
rsheeter added to the reviewers team
rsolomakhin 422 {'errors': [{'resource': 'TeamMember', 'code': 'unaffiliated', 'field': 'user'}], 'documentation_url': 'https://developer.github.com/v3/teams/members/#add-team-member', 'message': "User isn't a member of this organization. Please invite them first."}
rtoy added to the reviewers team
rubys 422 {'errors': [{'resource': 'TeamMember', 'code': 'unaffiliated', 'field': 'user'}], 'documentation_url': 'https://developer.github.com/v3/teams/members/#add-team-member', 'message': "User isn't a member of this organization. Please invite them first."}
scheib added to the reviewers team
scottgonzalez added to the reviewers team
scottlow 422 {'errors': [{'resource': 'TeamMember', 'code': 'unaffiliated', 'field': 'user'}], 'documentation_url': 'https://developer.github.com/v3/teams/members/#add-team-member', 'message': "User isn't a member of this organization. Please invite them first."}
Sebmaster added to the reviewers team
sgrekhov 422 {'errors': [{'resource': 'TeamMember', 'code': 'unaffiliated', 'field': 'user'}], 'documentation_url': 'https://developer.github.com/v3/teams/members/#add-team-member', 'message': "User isn't a member of this organization. Please invite them first."}
shans 422 {'errors': [{'resource': 'TeamMember', 'code': 'unaffiliated', 'field': 'user'}], 'documentation_url': 'https://developer.github.com/v3/teams/members/#add-team-member', 'message': "User isn't a member of this organization. Please invite them first."}
shishimaru 422 {'errors': [{'resource': 'TeamMember', 'code': 'unaffiliated', 'field': 'user'}], 'documentation_url': 'https://developer.github.com/v3/teams/members/#add-team-member', 'message': "User isn't a member of this organization. Please invite them first."}
shs96c 422 {'errors': [{'resource': 'TeamMember', 'code': 'unaffiliated', 'field': 'user'}], 'documentation_url': 'https://developer.github.com/v3/teams/members/#add-team-member', 'message': "User isn't a member of this organization. Please invite them first."}
silviapfeiffer added to the reviewers team
simonsapin 422 {'errors': [{'resource': 'TeamMember', 'code': 'unaffiliated', 'field': 'user'}], 'documentation_url': 'https://developer.github.com/v3/teams/members/#add-team-member', 'message': "User isn't a member of this organization. Please invite them first."}
smola 422 {'errors': [{'resource': 'TeamMember', 'code': 'unaffiliated', 'field': 'user'}], 'documentation_url': 'https://developer.github.com/v3/teams/members/#add-team-member', 'message': "User isn't a member of this organization. Please invite them first."}
snsk 422 {'errors': [{'resource': 'TeamMember', 'code': 'unaffiliated', 'field': 'user'}], 'documentation_url': 'https://developer.github.com/v3/teams/members/#add-team-member', 'message': "User isn't a member of this organization. Please invite them first."}
spanicker 422 {'errors': [{'resource': 'TeamMember', 'code': 'unaffiliated', 'field': 'user'}], 'documentation_url': 'https://developer.github.com/v3/teams/members/#add-team-member', 'message': "User isn't a member of this organization. Please invite them first."}
staktrace added to the reviewers team
Steditor added to the reviewers team
stuartparmenter 422 {'errors': [{'resource': 'TeamMember', 'code': 'unaffiliated', 'field': 'user'}], 'documentation_url': 'https://developer.github.com/v3/teams/members/#add-team-member', 'message': "User isn't a member of this organization. Please invite them first."}
svillar 422 {'errors': [{'resource': 'TeamMember', 'code': 'unaffiliated', 'field': 'user'}], 'documentation_url': 'https://developer.github.com/v3/teams/members/#add-team-member', 'message': "User isn't a member of this organization. Please invite them first."}
szager-chromium added to the reviewers team
tagawa 422 {'errors': [{'resource': 'TeamMember', 'code': 'unaffiliated', 'field': 'user'}], 'documentation_url': 'https://developer.github.com/v3/teams/members/#add-team-member', 'message': "User isn't a member of this organization. Please invite them first."}
takayoshikochi added to the reviewers team
tantek 422 {'errors': [{'resource': 'TeamMember', 'code': 'unaffiliated', 'field': 'user'}], 'documentation_url': 'https://developer.github.com/v3/teams/members/#add-team-member', 'message': "User isn't a member of this organization. Please invite them first."}
tarunban added to the reviewers team
tcole3 422 {'errors': [{'resource': 'TeamMember', 'code': 'unaffiliated', 'field': 'user'}], 'documentation_url': 'https://developer.github.com/v3/teams/members/#add-team-member', 'message': "User isn't a member of this organization. Please invite them first."}
tdresser added to the reviewers team
therealglazou 422 {'errors': [{'resource': 'TeamMember', 'code': 'unaffiliated', 'field': 'user'}], 'documentation_url': 'https://developer.github.com/v3/teams/members/#add-team-member', 'message': "User isn't a member of this organization. Please invite them first."}
TimothyGu 422 {'errors': [{'resource': 'TeamMember', 'code': 'unaffiliated', 'field': 'user'}], 'documentation_url': 'https://developer.github.com/v3/teams/members/#add-team-member', 'message': "User isn't a member of this organization. Please invite them first."}
timvolodine 422 {'errors': [{'resource': 'TeamMember', 'code': 'unaffiliated', 'field': 'user'}], 'documentation_url': 'https://developer.github.com/v3/teams/members/#add-team-member', 'message': "User isn't a member of this organization. Please invite them first."}
titzer 422 {'errors': [{'resource': 'TeamMember', 'code': 'unaffiliated', 'field': 'user'}], 'documentation_url': 'https://developer.github.com/v3/teams/members/#add-team-member', 'message': "User isn't a member of this organization. Please invite them first."}
toji 422 {'errors': [{'resource': 'TeamMember', 'code': 'unaffiliated', 'field': 'user'}], 'documentation_url': 'https://developer.github.com/v3/teams/members/#add-team-member', 'message': "User isn't a member of this organization. Please invite them first."}
tomalec added to the reviewers team
tschneidereit added to the reviewers team
tyoshino 422 {'errors': [{'resource': 'TeamMember', 'code': 'unaffiliated', 'field': 'user'}], 'documentation_url': 'https://developer.github.com/v3/teams/members/#add-team-member', 'message': "User isn't a member of this organization. Please invite them first."}
uysalere 422 {'errors': [{'resource': 'TeamMember', 'code': 'unaffiliated', 'field': 'user'}], 'documentation_url': 'https://developer.github.com/v3/teams/members/#add-team-member', 'message': "User isn't a member of this organization. Please invite them first."}
Volker-E 422 {'errors': [{'resource': 'TeamMember', 'code': 'unaffiliated', 'field': 'user'}], 'documentation_url': 'https://developer.github.com/v3/teams/members/#add-team-member', 'message': "User isn't a member of this organization. Please invite them first."}
Wafflespeanut added to the reviewers team
web-flow 422 {'errors': [{'resource': 'TeamMember', 'code': 'unaffiliated', 'field': 'user'}], 'documentation_url': 'https://developer.github.com/v3/teams/members/#add-team-member', 'message': "User isn't a member of this organization. Please invite them first."}
wisniewskit added to the reviewers team
xiaojunwu 422 {'errors': [{'resource': 'TeamMember', 'code': 'unaffiliated', 'field': 'user'}], 'documentation_url': 'https://developer.github.com/v3/teams/members/#add-team-member', 'message': "User isn't a member of this organization. Please invite them first."}
xinliux 422 {'errors': [{'resource': 'TeamMember', 'code': 'unaffiliated', 'field': 'user'}], 'documentation_url': 'https://developer.github.com/v3/teams/members/#add-team-member', 'message': "User isn't a member of this organization. Please invite them first."}
Yaffle added to the reviewers team
yuki3 added to the reviewers team
yunxiaoxie 422 {'errors': [{'resource': 'TeamMember', 'code': 'unaffiliated', 'field': 'user'}], 'documentation_url': 'https://developer.github.com/v3/teams/members/#add-team-member', 'message': "User isn't a member of this organization. Please invite them first."}
yutakahirano 422 {'errors': [{'resource': 'TeamMember', 'code': 'unaffiliated', 'field': 'user'}], 'documentation_url': 'https://developer.github.com/v3/teams/members/#add-team-member', 'message': "User isn't a member of this organization. Please invite them first."}
zhaozihao 422 {'errors': [{'resource': 'TeamMember', 'code': 'unaffiliated', 'field': 'user'}], 'documentation_url': 'https://developer.github.com/v3/teams/members/#add-team-member', 'message': "User isn't a member of this organization. Please invite them first."}
zhorvath 422 {'errors': [{'resource': 'TeamMember', 'code': 'unaffiliated', 'field': 'user'}], 'documentation_url': 'https://developer.github.com/v3/teams/members/#add-team-member', 'message': "User isn't a member of this organization. Please invite them first."}
zolkis 422 {'errors': [{'resource': 'TeamMember', 'code': 'unaffiliated', 'field': 'user'}], 'documentation_url': 'https://developer.github.com/v3/teams/members/#add-team-member', 'message': "User isn't a member of this organization. Please invite them first."}
